\BOOKMARK [0][]{section*.4}{\376\377\004\022\004\022\004\025\004\024\004\025\004\035\004\030\004\025}{}% 1
\BOOKMARK [0][]{chapter.1}{\376\377\004\033\004\030\004\042\004\025\004\040\004\020\004\042\004\043\004\040\004\035\004\053\004\031\000\040\004\036\004\021\004\027\004\036\004\040}{}% 2
\BOOKMARK [1][]{section.1.1}{\376\377\004\034\004\076\004\075\004\070\004\102\004\076\004\100\004\070\004\075\004\063\000\040\004\115\004\073\004\065\004\072\004\102\004\100\004\070\004\107\004\065\004\101\004\072\004\070\004\105\000\040\004\101\004\065\004\102\004\065\004\071}{chapter.1}% 3
\BOOKMARK [1][]{section.1.2}{\376\377\004\042\004\065\004\105\004\075\004\076\004\073\004\076\004\063\004\070\004\070\000\040\004\077\004\065\004\100\004\065\004\064\004\060\004\107\004\070\000\040\004\064\004\060\004\075\004\075\004\113\004\105}{chapter.1}% 4
\BOOKMARK [2][]{subsection.1.2.1}{\376\377\004\041\004\065\004\074\004\065\004\071\004\101\004\102\004\062\004\076\000\040\004\077\004\100\004\076\004\062\004\076\004\064\004\075\004\113\004\105\000\040\004\102\004\065\004\105\004\075\004\076\004\073\004\076\004\063\004\070\004\071\000\040\000E\000t\000h\000e\000r\000n\000e\000t}{section.1.2}% 5
\BOOKMARK [2][]{subsection.1.2.2}{\376\377\004\041\004\070\004\101\004\102\004\065\004\074\004\060\000\040\004\074\004\076\004\061\004\070\004\073\004\114\004\075\004\076\004\071\000\040\004\101\004\062\004\117\004\067\004\070\000\040\000G\000S\000M}{section.1.2}% 6
\BOOKMARK [2][]{subsection.1.2.3}{\376\377\000W\000i\000-\000F\000i}{section.1.2}% 7
\BOOKMARK [1][]{section.1.3}{\376\377\004\034\004\075\004\076\004\063\004\076\004\104\004\103\004\075\004\072\004\106\004\070\004\076\004\075\004\060\004\073\004\114\004\075\004\113\004\071\000\040\004\102\004\100\004\065\004\105\004\104\004\060\004\067\004\075\004\113\004\071\000\040\004\101\004\107\004\065\004\102\004\107\004\070\004\072\000\040\004\115\004\073\004\065\004\072\004\102\004\100\004\070\004\107\004\065\004\101\004\072\004\076\004\071\000\040\004\115\004\075\004\065\004\100\004\063\004\070\004\070\000\040\000<\000<\004\034\004\065\004\100\004\072\004\103\004\100\004\070\004\071\000\040\0002\0003\0000\000\040\000A\000R\000T\000-\0000\0003\000>\000>}{chapter.1}% 8
\BOOKMARK [1][]{section.1.4}{\376\377\004\037\004\100\004\076\004\102\004\076\004\072\004\076\004\073\004\113}{chapter.1}% 9
\BOOKMARK [2][]{subsection.1.4.1}{\376\377\004\041\004\102\004\065\004\072\000\040\004\077\004\100\004\076\004\102\004\076\004\072\004\076\004\073\004\076\004\062\000\040\000T\000C\000P\000/\000I\000P}{section.1.4}% 10
\BOOKMARK [2][]{subsection.1.4.2}{\376\377\004\043\004\075\004\070\004\062\004\065\004\100\004\101\004\060\004\073\004\114\004\075\004\113\004\071\000\040\004\101\004\070\004\075\004\105\004\100\004\076\004\075\004\075\004\076\000-\004\060\004\101\004\070\004\075\004\105\004\100\004\076\004\075\004\075\004\113\004\071\000\040\004\077\004\100\004\070\004\065\004\074\004\076\004\077\004\065\004\100\004\065\004\064\004\060\004\102\004\107\004\070\004\072\000\040\000\050\000U\000S\000A\000R\000T\000\051}{section.1.4}% 11
\BOOKMARK [1][]{section.1.5}{\376\377\004\037\004\036\004\041\004\042\004\020\004\035\004\036\004\022\004\032\004\020\000\040\004\027\004\020\004\024\004\020\004\047\004\030}{chapter.1}% 12
\BOOKMARK [0][]{chapter.2}{\376\377\004\041\004\045\004\025\004\034\004\020\000\040\004\041\004\030\004\041\004\042\004\025\004\034\004\053\000\040\004\034\004\036\004\035\004\030\004\042\004\036\004\040\004\030\004\035\004\023\004\020\000\040\004\030\000\040\004\022\004\053\004\021\004\036\004\040\000\040\004\032\004\036\004\034\004\037\004\036\004\035\004\025\004\035\004\042\004\036\004\022\000\040\004\032\004\036\004\035\004\042\004\040\004\036\004\033\004\033\004\025\004\040\004\020}{}% 13
\BOOKMARK [1][]{section.2.1}{\376\377\004\036\004\061\004\111\004\060\004\117\000\040\004\101\004\102\004\100\004\103\004\072\004\102\004\103\004\100\004\060\000\040\004\101\004\105\004\065\004\074\004\113\000\040\004\101\004\070\004\101\004\102\004\065\004\074\004\113\000\040\004\074\004\076\004\075\004\070\004\102\004\076\004\100\004\070\004\075\004\063\004\060\000\040\004\115\004\073\004\065\004\072\004\102\004\100\004\076\004\115\004\075\004\065\004\100\004\063\004\070\004\070}{chapter.2}% 14
\BOOKMARK [1][]{section.2.2}{\376\377\004\041\004\102\004\100\004\103\004\072\004\102\004\103\004\100\004\075\004\060\004\117\000\040\004\101\004\105\004\065\004\074\004\060\000\040\004\100\004\060\004\067\004\100\004\060\004\061\004\060\004\102\004\113\004\062\004\060\004\065\004\074\004\076\004\063\004\076\000\040\004\072\004\076\004\075\004\102\004\100\004\076\004\073\004\073\004\065\004\100\004\060}{chapter.2}% 15
\BOOKMARK [1][]{section.2.3}{\376\377\004\037\004\100\004\076\004\063\004\100\004\060\004\074\004\074\004\075\004\076\004\065\000\040\004\076\004\061\004\065\004\101\004\077\004\065\004\107\004\065\004\075\004\070\004\065\000\040\004\101\004\070\004\101\004\102\004\065\004\074\004\113}{chapter.2}% 16
\BOOKMARK [1][]{section.2.4}{\376\377\004\022\004\113\004\061\004\076\004\100\000\040\004\072\004\076\004\074\004\077\004\076\004\075\004\065\004\075\004\102\004\076\004\062\000\040\004\072\004\076\004\075\004\102\004\100\004\076\004\073\004\073\004\065\004\100\004\060}{chapter.2}% 17
\BOOKMARK [2][]{subsection.2.4.1}{\376\377\004\021\004\060\004\067\004\076\004\062\004\113\004\071\000\040\004\074\004\070\004\072\004\100\004\076\004\072\004\076\004\075\004\102\004\100\004\076\004\073\004\073\004\065\004\100}{section.2.4}% 18
\BOOKMARK [2][]{subsection.2.4.2}{\376\377\000E\000t\000h\000e\000r\000n\000e\000t\000\040\004\072\004\076\004\075\004\102\004\100\004\076\004\073\004\073\004\065\004\100\000\040\000E\000N\000C\0002\0008\000J\0006\0000}{section.2.4}% 19
\BOOKMARK [0][]{chapter.3}{\376\377\004\040\004\025\004\020\004\033\004\030\004\027\004\020\004\046\004\030\004\057}{}% 20
\BOOKMARK [1][]{section.3.1}{\376\377\004\037\004\100\004\076\004\063\004\100\004\060\004\074\004\074\004\075\004\076\004\065\000\040\004\076\004\061\004\065\004\101\004\077\004\065\004\107\004\065\004\075\004\070\004\065\000\040\004\032\004\043\004\041\004\024}{chapter.3}% 21
\BOOKMARK [0][]{section*.17}{\376\377\004\027\004\020\004\032\004\033\004\056\004\047\004\025\004\035\004\030\004\025}{}% 22
\BOOKMARK [0][]{section*.18}{\376\377\004\041\004\037\004\030\004\041\004\036\004\032\000\040\004\030\004\041\004\037\004\036\004\033\004\054\004\027\004\036\004\022\004\020\004\035\004\035\004\053\004\045\000\040\004\030\004\041\004\042\004\036\004\047\004\035\004\030\004\032\004\036\004\022}{}% 23
\BOOKMARK [0][]{appendix.A}{\376\377\004\030\004\101\004\105\004\076\004\064\004\075\004\113\004\065\000\040\004\102\004\065\004\072\004\101\004\102\004\113\000\040\004\077\004\100\004\076\004\063\004\100\004\060\004\074\004\074}{}% 24
