\BOOKMARK [0][]{section*.4}{\376\377\004\042\004\100\004\065\004\061\004\076\004\062\004\060\004\075\004\070\004\117\000\040\004\072\000\040\004\104\004\076\004\100\004\074\004\065\000\040\004\064\004\076\004\072\004\103\004\074\004\065\004\075\004\102\004\060}{}% 1
\BOOKMARK [1][]{section*.5}{\376\377\004\036\004\061\004\111\004\070\004\065\000\040\004\102\004\100\004\065\004\061\004\076\004\062\004\060\004\075\004\070\004\117}{section*.4}% 2
\BOOKMARK [1][]{section*.6}{\376\377\004\041\004\102\004\100\004\103\004\072\004\102\004\103\004\100\004\075\004\113\004\065\000\040\004\115\004\073\004\065\004\074\004\065\004\075\004\102\004\113\000\040\004\076\004\102\004\107\004\065\004\102\004\060}{section*.4}% 3
\BOOKMARK [1][]{section*.7}{\376\377\004\036\004\104\004\076\004\100\004\074\004\073\004\065\004\075\004\070\004\065\000\040\004\077\004\065\004\100\004\065\004\107\004\070\004\101\004\073\004\065\004\075\004\070\004\071}{section*.4}% 4
\BOOKMARK [1][]{section*.8}{\376\377\004\036\004\104\004\076\004\100\004\074\004\073\004\065\004\075\004\070\004\065\000\040\004\100\004\070\004\101\004\103\004\075\004\072\004\076\004\062}{section*.4}% 5
\BOOKMARK [1][]{section*.10}{\376\377\004\036\004\104\004\076\004\100\004\074\004\073\004\065\004\075\004\070\004\065\000\040\004\102\004\060\004\061\004\073\004\070\004\106}{section*.4}% 6
\BOOKMARK [1][]{section*.12}{\376\377\004\036\004\104\004\076\004\100\004\074\004\073\004\065\004\075\004\070\004\065\000\040\004\077\004\100\004\070\004\073\004\076\004\066\004\065\004\075\004\070\004\071}{section*.4}% 7
\BOOKMARK [1][]{section*.13}{\376\377\004\036\004\104\004\076\004\100\004\074\004\073\004\065\004\075\004\070\004\065\000\040\004\104\004\076\004\100\004\074\004\103\004\073}{section*.4}% 8
\BOOKMARK [1][]{section*.14}{\376\377\004\036\004\104\004\076\004\100\004\074\004\073\004\065\004\075\004\070\004\065\000\040\004\061\004\070\004\061\004\073\004\070\004\076\004\063\004\100\004\060\004\104\004\070\004\070}{section*.4}% 9
\BOOKMARK [0][]{section*.15}{\376\377\004\042\004\100\004\065\004\061\004\076\004\062\004\060\004\075\004\070\004\117\000\040\004\072\000\040\004\101\004\076\004\064\004\065\004\100\004\066\004\060\004\075\004\070\004\116\000\040\004\100\004\060\004\061\004\076\004\102\004\113}{}% 10
\BOOKMARK [1][]{section*.16}{\376\377\004\042\004\100\004\065\004\061\004\076\004\062\004\060\004\075\004\070\004\117\000\040\004\072\000\040\004\062\004\062\004\065\004\064\004\065\004\075\004\070\004\116}{section*.15}% 11
\BOOKMARK [1][]{section*.17}{\376\377\004\042\004\100\004\065\004\061\004\076\004\062\004\060\004\075\004\070\004\117\000\040\004\072\000\040\004\076\004\101\004\075\004\076\004\062\004\075\004\076\004\071\000\040\004\107\004\060\004\101\004\102\004\070}{section*.15}% 12
\BOOKMARK [1][]{section*.18}{\376\377\004\040\004\065\004\072\004\076\004\074\004\065\004\075\004\064\004\060\004\106\004\070\004\070\000\040\004\072\000\040\004\101\004\076\004\064\004\065\004\100\004\066\004\060\004\075\004\070\004\116\000\040\004\077\004\100\004\070\004\073\004\076\004\066\004\065\004\075\004\070\004\071}{section*.15}% 13
\BOOKMARK [1][]{section*.19}{\376\377\004\042\004\100\004\065\004\061\004\076\004\062\004\060\004\075\004\070\004\117\000\040\004\072\000\040\004\076\004\077\004\070\004\101\004\060\004\075\004\070\004\116\000\040\004\100\004\060\004\067\004\100\004\060\004\061\004\076\004\102\004\060\004\075\004\075\004\113\004\105\000\040\004\077\004\100\004\076\004\063\004\100\004\060\004\074\004\074}{section*.15}% 14
\BOOKMARK [0][]{section*.20}{\376\377\004\024\004\076\004\077\004\076\004\073\004\075\004\070\004\102\004\065\004\073\004\114\004\075\004\113\004\065\000\040\004\102\004\100\004\065\004\061\004\076\004\062\004\060\004\075\004\070\004\117\000\040\004\072\000\040\004\072\004\062\004\060\004\073\004\070\004\104\004\070\004\072\004\060\004\106\004\070\004\076\004\075\004\075\004\113\004\074\000\040\004\100\004\060\004\061\004\076\004\102\004\060\004\074\000\040\000\050\004\061\004\060\004\072\004\060\004\073\004\060\004\062\004\100\004\101\004\072\004\070\004\074\000,\000\040\004\064\004\070\004\077\004\073\004\076\004\074\004\075\004\113\004\074\000,\000\040\004\074\004\060\004\063\004\070\004\101\004\102\004\065\004\100\004\101\004\072\004\070\004\074\000\051}{}% 15
\BOOKMARK [0][]{section*.21}{\376\377\004\036\004\061\004\100\004\060\004\067\004\106\004\113\000\040\004\061\004\070\004\061\004\073\004\070\004\076\004\063\004\100\004\060\004\104\004\070\004\107\004\065\004\101\004\072\004\076\004\063\004\076\000\040\004\076\004\077\004\070\004\101\004\060\004\075\004\070\004\117\000\040\004\064\004\076\004\072\004\103\004\074\004\065\004\075\004\102\004\076\004\062}{}% 16
\BOOKMARK [0][]{section*.22}{\376\377\004\036\004\101\004\076\004\061\004\065\004\075\004\075\004\076\004\101\004\102\004\070\000\040\004\070\004\101\004\077\004\076\004\073\004\114\004\067\004\076\004\062\004\060\004\075\004\070\004\117\000\040\000L\000a\000T\000e\000X\000\040\004\064\004\073\004\117\000\040\004\076\004\104\004\076\004\100\004\074\004\073\004\065\004\075\004\070\004\117\000\040\004\022\004\032\004\040}{}% 17
\BOOKMARK [1][]{section*.23}{\376\377\004\036\004\061\004\111\004\070\004\065\000\040\004\101\004\062\004\065\004\064\004\065\004\075\004\070\004\117}{section*.22}% 18
\BOOKMARK [1][]{section*.24}{\376\377\004\037\004\100\004\065\004\060\004\074\004\061\004\103\004\073\004\060\000\040\004\064\004\076\004\072\004\103\004\074\004\065\004\075\004\102\004\060}{section*.22}% 19
\BOOKMARK [1][]{section*.25}{\376\377\004\041\004\102\004\100\004\103\004\072\004\102\004\103\004\100\004\060\000\040\004\076\004\101\004\075\004\076\004\062\004\075\004\076\004\071\000\040\004\107\004\060\004\101\004\102\004\070\000\040\004\064\004\076\004\072\004\103\004\074\004\065\004\075\004\102\004\060}{section*.22}% 20
